<?xml version="1.0" encoding="UTF-8"?>
<!-- Generated by org.testng.reporters.JUnitReportReporter -->
<testsuite hostname="DESKTOP-6GPMAFF" failures="0" tests="2" name="SabhiAcademy.SeleniumTest" time="0.007" errors="0" timestamp="2021-08-15T11:34:42 IST" skipped="0">
  <testcase classname="SabhiAcademy.SeleniumTest" name="ElementUi" time="0.001"/>
  <system-out/>
  <testcase classname="SabhiAcademy.SeleniumTest" name="BrowserAuto" time="0.006"/>
  <system-out/>
</testsuite> <!-- SabhiAcademy.SeleniumTest -->
