<?xml version="1.0" encoding="UTF-8"?>
<!-- Generated by org.testng.reporters.JUnitReportReporter -->
<testsuite hostname="DESKTOP-6GPMAFF" failures="0" tests="2" name="SabhiAcademy.RestAPITest" time="0.000" errors="0" timestamp="2021-08-15T11:34:42 IST" skipped="0">
  <testcase classname="SabhiAcademy.RestAPITest" name="TestA" time="0.000"/>
  <system-out/>
  <testcase classname="SabhiAcademy.RestAPITest" name="TestAp" time="0.000"/>
  <system-out/>
</testsuite> <!-- SabhiAcademy.RestAPITest -->
