<?xml version="1.0" encoding="UTF-8"?>
<!-- Generated by org.testng.reporters.JUnitReportReporter -->
<testsuite hostname="DESKTOP-6GPMAFF" failures="0" tests="2" name="SabhiAcademy.ApiumTest" time="0.002" errors="0" timestamp="2021-08-15T11:33:56 IST" skipped="0">
  <testcase classname="SabhiAcademy.ApiumTest" name="ApiumTeAst" time="0.001"/>
  <system-out/>
  <testcase classname="SabhiAcademy.ApiumTest" name="Apium" time="0.001"/>
  <system-out/>
</testsuite> <!-- SabhiAcademy.ApiumTest -->
